<?xml version="1.0" encoding="UTF-8"?>
<testsuite name="Ex5Spec" tests="1" skipped="0" failures="0" errors="0" timestamp="2017-03-23T17:06:54" hostname="arpit-sohar" time="0.009">
  <properties/>
  <testcase name="Testing Common elements Question" classname="Ex5Spec" time="0.009"/>
  <system-out><![CDATA[2
4
5
7
2
2
7
5
7
]]></system-out>
  <system-err><![CDATA[]]></system-err>
</testsuite>
