<?xml version="1.0" encoding="UTF-8"?>
<testsuite name="Ex7Spec" tests="1" skipped="0" failures="0" errors="0" timestamp="2017-03-23T17:06:53" hostname="arpit-sohar" time="0.079">
  <properties/>
  <testcase name="push" classname="Ex7Spec" time="0.079"/>
  <system-out><![CDATA[]]></system-out>
  <system-err><![CDATA[]]></system-err>
</testsuite>
