<?xml version="1.0" encoding="UTF-8"?>
<testsuite name="Ex1Spec" tests="2" skipped="0" failures="0" errors="0" timestamp="2017-03-23T17:06:54" hostname="arpit-sohar" time="0.004">
  <properties/>
  <testcase name="Testing the spring replacement[0]" classname="Ex1Spec" time="0.004"/>
  <testcase name="Testing the spring replacement[1]" classname="Ex1Spec" time="0.0"/>
  <system-out><![CDATA[]]></system-out>
  <system-err><![CDATA[]]></system-err>
</testsuite>
