<?xml version="1.0" encoding="UTF-8"?>
<testsuite name="Ex6Spec" tests="1" skipped="0" failures="0" errors="0" timestamp="2017-03-23T17:06:54" hostname="arpit-sohar" time="0.003">
  <properties/>
  <testcase name="Common Elements" classname="Ex6Spec" time="0.003"/>
  <system-out><![CDATA[Single Elements are
Single Elements are
]]></system-out>
  <system-err><![CDATA[]]></system-err>
</testsuite>
