<?xml version="1.0" encoding="UTF-8"?>
<testsuite name="Ex3Spec" tests="2" skipped="0" failures="0" errors="0" timestamp="2017-03-23T17:06:54" hostname="arpit-sohar" time="0.005">
  <properties/>
  <testcase name="Test the percentage of every type of input in the string[0]" classname="Ex3Spec" time="0.004"/>
  <testcase name="Test the percentage of every type of input in the string[1]" classname="Ex3Spec" time="0.001"/>
  <system-out><![CDATA[]]></system-out>
  <system-err><![CDATA[]]></system-err>
</testsuite>
