<?xml version="1.0" encoding="UTF-8"?>
<testsuite name="DemoSpec" tests="1" skipped="0" failures="0" errors="0" timestamp="2017-03-23T17:06:54" hostname="arpit-sohar" time="0.002">
  <properties/>
  <testcase name="welcome" classname="DemoSpec" time="0.002"/>
  <system-out><![CDATA[]]></system-out>
  <system-err><![CDATA[]]></system-err>
</testsuite>
